<?xml version="1.0" encoding="UTF-8"?>
<!-- Generated by org.testng.reporters.JUnitReportReporter -->
<testsuite hostname="DESKTOP-ML7TOGO" failures="0" tests="1" name="TestRunner.CucumberTestRunner" time="6.149" errors="0" timestamp="2024-01-23T02:13:45 IST" skipped="0">
  <testcase classname="TestRunner.CucumberTestRunner" name="runScenario" time="6.149"/>
</testsuite> <!-- TestRunner.CucumberTestRunner -->
