<?xml version="1.0" encoding="UTF-8"?>
<!-- Generated by org.testng.reporters.JUnitReportReporter -->
<testsuite hostname="DESKTOP-ML7TOGO" failures="0" tests="1" name="TestRunner.CucumberTestRunner" time="7.095" errors="0" timestamp="2024-01-23T03:08:58 IST" skipped="0">
  <testcase classname="TestRunner.CucumberTestRunner" name="runScenario" time="7.095"/>
</testsuite> <!-- TestRunner.CucumberTestRunner -->
