<?xml version="1.0" encoding="UTF-8"?>
<!-- Generated by org.testng.reporters.JUnitReportReporter -->
<testsuite hostname="DESKTOP-ML7TOGO" failures="0" tests="5" name="TestRunner.CucumberTestRunner" time="90.174" errors="0" timestamp="2024-03-24T22:04:44 IST" skipped="0">
  <testcase classname="TestRunner.CucumberTestRunner" name="runScenario" time="2.606"/>
  <testcase classname="TestRunner.CucumberTestRunner" name="runScenario" time="2.947"/>
  <testcase classname="TestRunner.CucumberTestRunner" name="runScenario" time="40.863"/>
  <testcase classname="TestRunner.CucumberTestRunner" name="runScenario" time="26.578"/>
  <testcase classname="TestRunner.CucumberTestRunner" name="runScenario" time="17.180"/>
</testsuite> <!-- TestRunner.CucumberTestRunner -->
